<?xml version="1.0" encoding="UTF-8"?>
<!-- Generated by org.testng.reporters.JUnitReportReporter -->
<testsuite hostname="DisNI" failures="0" tests="1" name="test.java.com.rsPage.loginPage" time="10.647" errors="0" timestamp="2023-10-22T23:31:21 IST" skipped="0">
  <testcase classname="test.java.com.rsPage.loginPage" name="testLogin" time="10.647"/>
</testsuite> <!-- test.java.com.rsPage.loginPage -->
