<?xml version="1.0" encoding="UTF-8"?>
<!-- Generated by org.testng.reporters.JUnitReportReporter -->
<testsuite hostname="DisNI" failures="0" tests="1" name="test.java.com.amazon.loginPage" time="7.431" errors="0" timestamp="2023-10-27T19:18:12 IST" skipped="0">
  <testcase classname="test.java.com.amazon.loginPage" name="login" time="7.431"/>
</testsuite> <!-- test.java.com.amazon.loginPage -->
