<?xml version="1.0" encoding="UTF-8"?>
<!-- Generated by org.testng.reporters.JUnitReportReporter -->
<testsuite hostname="DisNI" failures="0" tests="1" name="test.java.com.ekart.EkartWebsite" time="3.500" errors="0" timestamp="2023-10-23T00:56:20 IST" skipped="0">
  <testcase classname="test.java.com.ekart.EkartWebsite" name="testekartWithOneItem" time="3.500"/>
</testsuite> <!-- test.java.com.ekart.EkartWebsite -->
