<?xml version="1.0" encoding="UTF-8"?>
<!-- Generated by org.testng.reporters.JUnitReportReporter -->
<testsuite hostname="DisNI" failures="0" tests="1" name="test.java.com.flight.testFlight" time="12.243" errors="0" timestamp="2023-10-23T00:57:27 IST" skipped="0">
  <testcase classname="test.java.com.flight.testFlight" name="testFlightStaticDropDown" time="12.243"/>
</testsuite> <!-- test.java.com.flight.testFlight -->
