<?xml version="1.0" encoding="UTF-8"?>
<!-- Generated by org.testng.reporters.JUnitReportReporter -->
<testsuite hostname="DisNI" failures="0" tests="2" name="test.java.com.rsPage.testRsPracticePage" time="27.189" errors="0" timestamp="2023-10-23T00:50:04 IST" skipped="0">
  <testcase classname="test.java.com.rsPage.testRsPracticePage" name="testPracticeDropDown" time="14.735"/>
  <testcase classname="test.java.com.rsPage.testRsPracticePage" name="testParacticeRadioButton" time="12.454"/>
</testsuite> <!-- test.java.com.rsPage.testRsPracticePage -->
